This is pdfTeX, Version 3.1415926-2.5-1.40.14 (TeX Live 2013) (format=pdflatex 2013.5.30)  11 FEB 2015 11:27
entering extended mode
 restricted \write18 enabled.
 %&-line parsing enabled.
**main.tex
(./main.tex
LaTeX2e <2011/06/27>
Babel <3.9f> and hyphenation patterns for 78 languages loaded.
(/usr/local/texlive/2013/texmf-dist/tex/latex/revtex/revtex4-1.cls
Document Class: revtex4-1 2010/07/25/20:33:00 4.1r (http://publish.aps.org/revt
ex4/ for documentation)
 Copyright (c) 2009 The American Physical Society.
 mailto:revtex@aps.org
 Licensed under the LPPL:
http://www.ctan.org/tex-archive/macros/latex/base/lppl.txt
 Arthur Ogawa <arthur_ogawa at sbcglobal dot net>
 Based on work by David Carlisle <david at dcarlisle.demon.co.uk>.
ltxutil[2010/07/25/20:33:00 4.1r utilities package (portions licensed from W. E
. Baxter web at superscript.com)]
LaTeX Info: Redefining \@centercr on input line 308.
Class revtex4-1 Info: Repairing broken LaTeX eqnarray on input line 358.
\eqncolsep=\skip41
Class revtex4-1 Info: Repairing hyperref-unfriendly LaTeX definition of \mpfoot
note on input line 433.
Class revtex4-1 Info: Repairing broken LateX \@sect on input line 755.
\intertabularlinepenalty=\count79
\@tbpen=\count80
\@arstrutbox@hline=\box26
Class revtex4-1 Info: Repairing broken LaTeX \@xbitor on input line 1786.
Class revtex4-1 Info: Making \typeout \long on input line 2046.
ltxfront[2010/07/25/20:33:00 4.1r frontmatter package (AO,DPC)]
\c@affil=\count81
\c@collab=\count82
\absbox=\box27
ltxgrid[2010/07/25/20:33:00 4.1r page grid package (portions licensed from W. E
. Baxter web at superscript.com)]
\c@linecount=\count83
\output@latex=\toks14
\box@size@1=\box28
\box@size@2=\box29
\@protection@box=\box30
\@topmark@saved=\toks15
\footins@saved=\box31
\footins@recovered=\box32
\column@recovered=\box33
\pagesofar=\box34
\footsofar=\box35
\pagegrid@col=\count84
Class revtex4-1 Info: Overriding \@vspace, \@vspacer, \@no@pgbk, \@newline, and
 \\  on input line 5578.
\c@part=\count85
\c@section=\count86
\c@subsection=\count87
\c@subsubsection=\count88
\c@paragraph=\count89
\c@subparagraph=\count90
\abovecaptionskip=\skip42
\belowcaptionskip=\skip43
\c@figure=\count91
\fbox@1=\box36
\c@table=\count92
\fbox@2=\box37
\c@video=\count93
\fbox@4=\box38
\@bibdataout=\write3
\widetext@top=\box39
\widetext@bot=\box40
Class revtex4-1 Info: Selecting society aps on input line 7542.
(/usr/local/texlive/2013/texmf-dist/tex/latex/revtex/aps4-1.rtx
File: aps4-1 2010/07/25/20:33:00 4.1r (http://publish.aps.org/revtex4/ for docu
mentation)
Class revtex4-1 Info: RevTeX society APS selected on input line 31.
)

Class revtex4-1 Warning: No journal specified, using default pra.

Class revtex4-1 Info: APS journal PRA selected on input line 7545.
(/usr/local/texlive/2013/texmf-dist/tex/latex/revtex/aps10pt4-1.rtx
File: aps10pt4-1 2010/07/25/20:33:00 4.1r (http://publish.aps.org/revtex4/ for 
documentation)
Class revtex4-1 Info: RevTeX pointsize 10pt selected on input line 30.
)
(/usr/local/texlive/2013/texmf-dist/tex/latex/textcase/textcase.sty
Package: textcase 2004/10/07 v0.07 Text only upper/lower case changing (DPC)
)
(/usr/local/texlive/2013/texmf-dist/tex/latex/amsfonts/amssymb.sty
Package: amssymb 2013/01/14 v3.01 AMS font symbols

(/usr/local/texlive/2013/texmf-dist/tex/latex/amsfonts/amsfonts.sty
Package: amsfonts 2013/01/14 v3.01 Basic AMSFonts support
\@emptytoks=\toks16
\symAMSa=\mathgroup4
\symAMSb=\mathgroup5
LaTeX Font Info:    Overwriting math alphabet `\mathfrak' in version `bold'
(Font)                  U/euf/m/n --> U/euf/b/n on input line 106.
))
(/usr/local/texlive/2013/texmf-dist/tex/latex/amsmath/amsmath.sty
Package: amsmath 2013/01/14 v2.14 AMS math features
\@mathmargin=\skip44

For additional information on amsmath, use the `?' option.
(/usr/local/texlive/2013/texmf-dist/tex/latex/amsmath/amstext.sty
Package: amstext 2000/06/29 v2.01

(/usr/local/texlive/2013/texmf-dist/tex/latex/amsmath/amsgen.sty
File: amsgen.sty 1999/11/30 v2.0
\@emptytoks=\toks17
\ex@=\dimen102
)
LaTeX Info: Redefining \text on input line 39.
)
(/usr/local/texlive/2013/texmf-dist/tex/latex/amsmath/amsbsy.sty
Package: amsbsy 1999/11/29 v1.2d
\pmbraise@=\dimen103
)
(/usr/local/texlive/2013/texmf-dist/tex/latex/amsmath/amsopn.sty
Package: amsopn 1999/12/14 v2.01 operator names
)
\inf@bad=\count94
LaTeX Info: Redefining \frac on input line 210.
\uproot@=\count95
\leftroot@=\count96
LaTeX Info: Redefining \overline on input line 306.
\classnum@=\count97
\DOTSCASE@=\count98
LaTeX Info: Redefining \ldots on input line 378.
LaTeX Info: Redefining \dots on input line 381.
LaTeX Info: Redefining \cdots on input line 466.
\Mathstrutbox@=\box41
\strutbox@=\box42
\big@size=\dimen104
LaTeX Font Info:    Redeclaring font encoding OML on input line 566.
LaTeX Font Info:    Redeclaring font encoding OMS on input line 567.
\macc@depth=\count99
\c@MaxMatrixCols=\count100
\dotsspace@=\muskip10
\c@parentequation=\count101
\dspbrk@lvl=\count102
\tag@help=\toks18
\row@=\count103
\column@=\count104
\maxfields@=\count105
\andhelp@=\toks19
\eqnshift@=\dimen105
\alignsep@=\dimen106
\tagshift@=\dimen107
\tagwidth@=\dimen108
\totwidth@=\dimen109
\lineht@=\dimen110
\@envbody=\toks20
\multlinegap=\skip45
\multlinetaggap=\skip46
\mathdisplay@stack=\toks21
LaTeX Info: Redefining \[ on input line 2665.
LaTeX Info: Redefining \] on input line 2666.
)
(/usr/local/texlive/2013/texmf-dist/tex/latex/url/url.sty
\Urlmuskip=\muskip11
Package: url 2006/04/12  ver 3.3  Verb mode for urls, etc.
)
(/usr/local/texlive/2013/texmf-dist/tex/latex/natbib/natbib.sty
Package: natbib 2010/09/13 8.31b (PWD, AO)
\bibhang=\skip47
\bibsep=\skip48
LaTeX Info: Redefining \cite on input line 694.
\c@NAT@ctr=\count106
)
Class revtex4-1 Info: Repairing natbib's \BibitemShut on input line 7549.

(/usr/local/texlive/2013/texmf-dist/tex/latex/revtex/revsymb4-1.sty
Package: revsymb4-1 2010/07/25/20:33:00 4.1r (http://publish.aps.org/revtex4/ f
or documentation)
LaTeX Info: Redefining \frak on input line 95.
LaTeX Info: Redefining \Bbb on input line 111.
LaTeX Info: Redefining \REV@mathfrak on input line 119.
))
(/usr/local/texlive/2013/texmf-dist/tex/latex/graphics/graphicx.sty
Package: graphicx 1999/02/16 v1.0f Enhanced LaTeX Graphics (DPC,SPQR)

(/usr/local/texlive/2013/texmf-dist/tex/latex/graphics/keyval.sty
Package: keyval 1999/03/16 v1.13 key=value parser (DPC)
\KV@toks@=\toks22
)
(/usr/local/texlive/2013/texmf-dist/tex/latex/graphics/graphics.sty
Package: graphics 2009/02/05 v1.0o Standard LaTeX Graphics (DPC,SPQR)

(/usr/local/texlive/2013/texmf-dist/tex/latex/graphics/trig.sty
Package: trig 1999/03/16 v1.09 sin cos tan (DPC)
)
(/usr/local/texlive/2013/texmf-dist/tex/latex/latexconfig/graphics.cfg
File: graphics.cfg 2010/04/23 v1.9 graphics configuration of TeX Live
)
Package graphics Info: Driver file: pdftex.def on input line 91.

(/usr/local/texlive/2013/texmf-dist/tex/latex/pdftex-def/pdftex.def
File: pdftex.def 2011/05/27 v0.06d Graphics/color for pdfTeX

(/usr/local/texlive/2013/texmf-dist/tex/generic/oberdiek/infwarerr.sty
Package: infwarerr 2010/04/08 v1.3 Providing info/warning/error messages (HO)
)
(/usr/local/texlive/2013/texmf-dist/tex/generic/oberdiek/ltxcmds.sty
Package: ltxcmds 2011/11/09 v1.22 LaTeX kernel commands for general use (HO)
)
\Gread@gobject=\count107
))
\Gin@req@height=\dimen111
\Gin@req@width=\dimen112
)
(/usr/local/texlive/2013/texmf-dist/tex/latex/caption/caption.sty
Package: caption 2013/05/02 v3.3-89 Customizing captions (AR)

(/usr/local/texlive/2013/texmf-dist/tex/latex/caption/caption3.sty
Package: caption3 2013/05/02 v1.6-88 caption3 kernel (AR)
Package caption3 Info: TeX engine: e-TeX on input line 57.
\captionmargin=\dimen113
\captionmargin@=\dimen114
\captionwidth=\dimen115
\caption@tempdima=\dimen116
\caption@indent=\dimen117
\caption@parindent=\dimen118
\caption@hangindent=\dimen119
Package caption Info: Unknown document class (or package),
(caption)             standard defaults will be used.
)

Package caption Warning: Unsupported document class (or package) detected,
(caption)                usage of the caption package is not recommended.
See the caption package documentation for explanation.

Package caption Info: \@makecaption = \long macro:#1#2->\par \vskip \abovecapti
onskip \begingroup \small \rmfamily \sbox \@tempboxa {\let \\\heading@cr \@make
@capt@title {#1}{#2}}\@ifdim {\wd \@tempboxa >\hsize }{\begingroup \samepage \f
lushing \let \footnote \@footnotemark@gobble \@make@capt@title {#1}{#2}\par \en
dgroup }{\global \@minipagefalse \hb@xt@ \hsize {\hfil \unhbox \@tempboxa \hfil
 }}\endgroup \vskip \belowcaptionskip .
\c@ContinuedFloat=\count108
) (/usr/local/texlive/2013/texmf-dist/tex/latex/caption/subcaption.sty
Package: subcaption 2013/02/03 v1.1-62 Sub-captions (AR)
\c@subfigure=\count109
\c@subtable=\count110
)
(/usr/local/texlive/2013/texmf-dist/tex/latex/tools/dcolumn.sty
Package: dcolumn 2001/05/28 v1.06 decimal alignment package (DPC)

(/usr/local/texlive/2013/texmf-dist/tex/latex/tools/array.sty
Package: array 2008/09/09 v2.4c Tabular extension package (FMi)
\col@sep=\dimen120
\extrarowheight=\dimen121
\NC@list=\toks23
\extratabsurround=\skip49
\backup@length=\skip50
))
(/usr/local/texlive/2013/texmf-dist/tex/latex/tools/bm.sty
Package: bm 2004/02/26 v1.1c Bold Symbol Support (DPC/FMi)
\symboldoperators=\mathgroup6
\symboldletters=\mathgroup7
\symboldsymbols=\mathgroup8
LaTeX Font Info:    Redeclaring math alphabet \mathbf on input line 138.
LaTeX Info: Redefining \bm on input line 204.
)
(/usr/local/texlive/2013/texmf-dist/tex/latex/hyperref/hyperref.sty
Package: hyperref 2012/11/06 v6.83m Hypertext links for LaTeX

(/usr/local/texlive/2013/texmf-dist/tex/generic/oberdiek/hobsub-hyperref.sty
Package: hobsub-hyperref 2012/05/28 v1.13 Bundle oberdiek, subset hyperref (HO)


(/usr/local/texlive/2013/texmf-dist/tex/generic/oberdiek/hobsub-generic.sty
Package: hobsub-generic 2012/05/28 v1.13 Bundle oberdiek, subset generic (HO)
Package: hobsub 2012/05/28 v1.13 Construct package bundles (HO)
Package hobsub Info: Skipping package `infwarerr' (already loaded).
Package hobsub Info: Skipping package `ltxcmds' (already loaded).
Package: ifluatex 2010/03/01 v1.3 Provides the ifluatex switch (HO)
Package ifluatex Info: LuaTeX not detected.
Package: ifvtex 2010/03/01 v1.5 Detect VTeX and its facilities (HO)
Package ifvtex Info: VTeX not detected.
Package: intcalc 2007/09/27 v1.1 Expandable calculations with integers (HO)
Package: ifpdf 2011/01/30 v2.3 Provides the ifpdf switch (HO)
Package ifpdf Info: pdfTeX in PDF mode is detected.
Package: etexcmds 2011/02/16 v1.5 Avoid name clashes with e-TeX commands (HO)
Package etexcmds Info: Could not find \expanded.
(etexcmds)             That can mean that you are not using pdfTeX 1.50 or
(etexcmds)             that some package has redefined \expanded.
(etexcmds)             In the latter case, load this package earlier.
Package: kvsetkeys 2012/04/25 v1.16 Key value parser (HO)
Package: kvdefinekeys 2011/04/07 v1.3 Define keys (HO)
Package: pdftexcmds 2011/11/29 v0.20 Utility functions of pdfTeX for LuaTeX (HO
)
Package pdftexcmds Info: LuaTeX not detected.
Package pdftexcmds Info: \pdf@primitive is available.
Package pdftexcmds Info: \pdf@ifprimitive is available.
Package pdftexcmds Info: \pdfdraftmode found.
Package: pdfescape 2011/11/25 v1.13 Implements pdfTeX's escape features (HO)
Package: bigintcalc 2012/04/08 v1.3 Expandable calculations on big integers (HO
)
Package: bitset 2011/01/30 v1.1 Handle bit-vector datatype (HO)
Package: uniquecounter 2011/01/30 v1.2 Provide unlimited unique counter (HO)
)
Package hobsub Info: Skipping package `hobsub' (already loaded).
Package: letltxmacro 2010/09/02 v1.4 Let assignment for LaTeX macros (HO)
Package: hopatch 2012/05/28 v1.2 Wrapper for package hooks (HO)
Package: xcolor-patch 2011/01/30 xcolor patch
Package: atveryend 2011/06/30 v1.8 Hooks at the very end of document (HO)
Package: atbegshi 2011/10/05 v1.16 At begin shipout hook (HO)
Package: refcount 2011/10/16 v3.4 Data extraction from label references (HO)
Package: hycolor 2011/01/30 v1.7 Color options for hyperref/bookmark (HO)
)
(/usr/local/texlive/2013/texmf-dist/tex/generic/ifxetex/ifxetex.sty
Package: ifxetex 2010/09/12 v0.6 Provides ifxetex conditional
)
(/usr/local/texlive/2013/texmf-dist/tex/latex/oberdiek/auxhook.sty
Package: auxhook 2011/03/04 v1.3 Hooks for auxiliary files (HO)
)
(/usr/local/texlive/2013/texmf-dist/tex/latex/oberdiek/kvoptions.sty
Package: kvoptions 2011/06/30 v3.11 Key value format for package options (HO)
)
\@linkdim=\dimen122
\Hy@linkcounter=\count111
\Hy@pagecounter=\count112

(/usr/local/texlive/2013/texmf-dist/tex/latex/hyperref/pd1enc.def
File: pd1enc.def 2012/11/06 v6.83m Hyperref: PDFDocEncoding definition (HO)
)
\Hy@SavedSpaceFactor=\count113

(/usr/local/texlive/2013/texmf-dist/tex/latex/latexconfig/hyperref.cfg
File: hyperref.cfg 2002/06/06 v1.2 hyperref configuration of TeXLive
)
Package hyperref Info: Hyper figures OFF on input line 4443.
Package hyperref Info: Link nesting OFF on input line 4448.
Package hyperref Info: Hyper index ON on input line 4451.
Package hyperref Info: Plain pages OFF on input line 4458.
Package hyperref Info: Backreferencing OFF on input line 4463.
Package hyperref Info: Implicit mode ON; LaTeX internals redefined.
Package hyperref Info: Bookmarks ON on input line 4688.
LaTeX Info: Redefining \href on input line 4952.
\c@Hy@tempcnt=\count114
LaTeX Info: Redefining \url on input line 5041.
\XeTeXLinkMargin=\dimen123
\Fld@menulength=\count115
\Field@Width=\dimen124
\Fld@charsize=\dimen125
Package hyperref Info: Hyper figures OFF on input line 6295.
Package hyperref Info: Link nesting OFF on input line 6300.
Package hyperref Info: Hyper index ON on input line 6303.
Package hyperref Info: backreferencing OFF on input line 6310.
Package hyperref Info: Link coloring OFF on input line 6315.
Package hyperref Info: Link coloring with OCG OFF on input line 6320.
Package hyperref Info: PDF/A mode OFF on input line 6325.
LaTeX Info: Redefining \ref on input line 6365.
LaTeX Info: Redefining \pageref on input line 6369.
\Hy@abspage=\count116
\c@Item=\count117
\c@Hfootnote=\count118
)

Package hyperref Message: Driver (autodetected): hpdftex.

(/usr/local/texlive/2013/texmf-dist/tex/latex/hyperref/hpdftex.def
File: hpdftex.def 2012/11/06 v6.83m Hyperref driver for pdfTeX
\Fld@listcount=\count119
\c@bookmark@seq@number=\count120

(/usr/local/texlive/2013/texmf-dist/tex/latex/oberdiek/rerunfilecheck.sty
Package: rerunfilecheck 2011/04/15 v1.7 Rerun checks for auxiliary files (HO)
Package uniquecounter Info: New unique counter `rerunfilecheck' on input line 2
82.
)
\Hy@SectionHShift=\skip51
)
(/usr/local/texlive/2013/texmf-dist/tex/latex/lineno/lineno.sty
Package: lineno 2005/11/02 line numbers on paragraphs v4.41
\linenopenalty=\count121
\output=\toks24
\linenoprevgraf=\count122
\linenumbersep=\dimen126
\linenumberwidth=\dimen127
\c@linenumber=\count123
\c@pagewiselinenumber=\count124
\c@LN@truepage=\count125
\c@internallinenumber=\count126
\c@internallinenumbers=\count127
\quotelinenumbersep=\dimen128
\bframerule=\dimen129
\bframesep=\dimen130
\bframebox=\box43
LaTeX Info: Redefining \\ on input line 3056.
)
(/usr/local/texlive/2013/texmf-dist/tex/latex/lipsum/lipsum.sty
Package: lipsum 2011/04/14 v1.2 150 paragraphs of Lorem Ipsum dummy text
\c@lips@count=\count128
)
Class revtex4-1 Info: Patching array package. on input line 44.
Class revtex4-1 Info: Robustifying \LaTeX's \boldmath command on input line 44.

Class revtex4-1 Info: cite was not loaded (OK!) on input line 44.
Class revtex4-1 Info: mcite was not loaded (OK!) on input line 44.
Class revtex4-1 Info: multicol was not loaded (OK!) on input line 44.
 (./main.aux

LaTeX Warning: Label `fig:ent.ex.' multiply defined.


LaTeX Warning: Label `sub@fig:ent.ex.' multiply defined.

)
\openout1 = `main.aux'.

LaTeX Font Info:    Checking defaults for OML/cmm/m/it on input line 44.
LaTeX Font Info:    ... okay on input line 44.
LaTeX Font Info:    Checking defaults for T1/cmr/m/n on input line 44.
LaTeX Font Info:    ... okay on input line 44.
LaTeX Font Info:    Checking defaults for OT1/cmr/m/n on input line 44.
LaTeX Font Info:    ... okay on input line 44.
LaTeX Font Info:    Checking defaults for OMS/cmsy/m/n on input line 44.
LaTeX Font Info:    ... okay on input line 44.
LaTeX Font Info:    Checking defaults for OMX/cmex/m/n on input line 44.
LaTeX Font Info:    ... okay on input line 44.
LaTeX Font Info:    Checking defaults for U/cmr/m/n on input line 44.
LaTeX Font Info:    ... okay on input line 44.
LaTeX Font Info:    Checking defaults for PD1/pdf/m/n on input line 44.
LaTeX Font Info:    ... okay on input line 44.
 (/usr/local/texlive/2013/texmf-dist/tex/context/base/supp-pdf.mkii
[Loading MPS to PDF converter (version 2006.09.02).]
\scratchcounter=\count129
\scratchdimen=\dimen131
\scratchbox=\box44
\nofMPsegments=\count130
\nofMParguments=\count131
\everyMPshowfont=\toks25
\MPscratchCnt=\count132
\MPscratchDim=\dimen132
\MPnumerator=\count133
\makeMPintoPDFobject=\count134
\everyMPtoPDFconversion=\toks26
) (/usr/local/texlive/2013/texmf-dist/tex/latex/oberdiek/epstopdf-base.sty
Package: epstopdf-base 2010/02/09 v2.5 Base part for package epstopdf

(/usr/local/texlive/2013/texmf-dist/tex/latex/oberdiek/grfext.sty
Package: grfext 2010/08/19 v1.1 Manage graphics extensions (HO)
)
Package grfext Info: Graphics extension search list:
(grfext)             [.png,.pdf,.jpg,.mps,.jpeg,.jbig2,.jb2,.PNG,.PDF,.JPG,.JPE
G,.JBIG2,.JB2,.eps]
(grfext)             \AppendGraphicsExtensions on input line 452.

(/usr/local/texlive/2013/texmf-dist/tex/latex/latexconfig/epstopdf-sys.cfg
File: epstopdf-sys.cfg 2010/07/13 v1.3 Configuration of (r)epstopdf for TeX Liv
e
))
Package caption Info: Begin \AtBeginDocument code.
Package caption Info: hyperref package is loaded.
Package caption Info: End \AtBeginDocument code.
\AtBeginShipoutBox=\box45
Package hyperref Info: Link coloring OFF on input line 44.

(/usr/local/texlive/2013/texmf-dist/tex/latex/hyperref/nameref.sty
Package: nameref 2012/10/27 v2.43 Cross-referencing by name of section

(/usr/local/texlive/2013/texmf-dist/tex/generic/oberdiek/gettitlestring.sty
Package: gettitlestring 2010/12/03 v1.4 Cleanup title references (HO)
)
\c@section@level=\count135
)
LaTeX Info: Redefining \ref on input line 44.
LaTeX Info: Redefining \pageref on input line 44.
LaTeX Info: Redefining \nameref on input line 44.

(./main.out) (./main.out)
\@outlinefile=\write4
\openout4 = `main.out'.

Class revtex4-1 Info: Taking \maketitle back from hyperref on input line 44.
Class revtex4-1 Info: Overriding lineo.sty, restoring output routine, on input 
line 44.
Class revtex4-1 Info: Line numbering not turned on yet on input line 44.
\openout3 = `mainNotes.bib'.

Class revtex4-1 Info: Overriding \@LN@LLerror on input line 44.


Class revtex4-1 Warning: Assuming \noaffiliation for authors.

<d.png, id=56, 623.32875pt x 494.84875pt>
File: d.png Graphic file (type png)
 <use d.png>
Package pdftex.def Info: d.png used on input line 112.
(pdftex.def)             Requested size: 229.49844pt x 182.19263pt.
LaTeX Font Info:    Try loading font information for U+msa on input line 113.

(/usr/local/texlive/2013/texmf-dist/tex/latex/amsfonts/umsa.fd
File: umsa.fd 2013/01/14 v3.01 AMS symbols A
)
LaTeX Font Info:    Try loading font information for U+msb on input line 113.

(/usr/local/texlive/2013/texmf-dist/tex/latex/amsfonts/umsb.fd
File: umsb.fd 2013/01/14 v3.01 AMS symbols B
)
<dg.png, id=57, 604.2575pt x 481.8pt>
File: dg.png Graphic file (type png)
 <use dg.png>
Package pdftex.def Info: dg.png used on input line 120.
(pdftex.def)             Requested size: 229.49844pt x 182.99033pt.
 [1{/usr/local/texlive/2013/texmf-var/fonts/map/pdftex/updmap/pdftex.map} <./d.
png (PNG copy)> <./dg.png (PNG copy)>] [2]

LaTeX Font Warning: Command \small invalid in math mode on input line 271.


LaTeX Font Warning: Command \small invalid in math mode on input line 271.

<expd.png, id=99, 379.4175pt x 414.54875pt>
File: expd.png Graphic file (type png)
 <use expd.png>
Package pdftex.def Info: expd.png used on input line 277.
(pdftex.def)             Requested size: 117.29782pt x 128.15454pt.

<expw.png, id=101, 383.4325pt x 414.54875pt>
File: expw.png Graphic file (type png)
 <use expw.png>
Package pdftex.def Info: expw.png used on input line 282.
(pdftex.def)             Requested size: 117.29782pt x 126.81354pt.

Overfull \hbox (11.95383pt too wide) detected at line 303
[]\OT1/cmr/m/n/10 ^^C[] = [] [] \OML/cmm/m/it/10 ; \OT1/cmr/m/n/10 1 \OMS/cmsy/
m/n/10 ^^T \OML/cmm/m/it/10 l \OMS/cmsy/m/n/10 ^^T \OML/cmm/m/it/10 d \OMS/cmsy
/m/n/10 ^^@ \OT1/cmr/m/n/10 1[]
 []

[3]

LaTeX Warning: A float is stuck (cannot be placed); try class option [floatfix]
 on input line 303.

<setup.png, id=119, 825.0825pt x 572.1375pt>
File: setup.png Graphic file (type png)
 <use setup.png>
Package pdftex.def Info: setup.png used on input line 316.
(pdftex.def)             Requested size: 249.9028pt x 173.28383pt.

Overfull \hbox (3.9028pt too wide) in paragraph at lines 316--317
 [][] 
 []

[4 <./expd.png> <./expw.png> <./setup.png>]

LaTeX Font Warning: Command \small invalid in math mode on input line 340.


LaTeX Font Warning: Command \small invalid in math mode on input line 340.


Overfull \hbox (15.12173pt too wide) in paragraph at lines 340--340
[] 
 []


LaTeX Font Warning: Command \small invalid in math mode on input line 372.


LaTeX Font Warning: Command \small invalid in math mode on input line 372.


Overfull \hbox (5.20032pt too wide) in paragraph at lines 372--372
[] 
 []

<concd.png, id=139, 792.9625pt x 452.69125pt>
File: concd.png Graphic file (type png)
 <use concd.png>
Package pdftex.def Info: concd.png used on input line 380.
(pdftex.def)             Requested size: 249.9028pt x 142.66066pt.

Overfull \hbox (3.9028pt too wide) in paragraph at lines 379--384
 [][] 
 []

<concw.png, id=140, 786.94pt x 449.68pt>
File: concw.png Graphic file (type png)
 <use concw.png>
Package pdftex.def Info: concw.png used on input line 386.
(pdftex.def)             Requested size: 249.9028pt x 142.79582pt.

Overfull \hbox (3.9028pt too wide) in paragraph at lines 385--390
 [][] 
 []

[5 <./concd.png> <./concw.png>] <sq2D.png, id=156, 465.74pt x 350.30875pt>
File: sq2D.png Graphic file (type png)

<use sq2D.png>
Package pdftex.def Info: sq2D.png used on input line 408.
(pdftex.def)             Requested size: 117.29782pt x 88.22374pt.
 <sq2W.png, id=157, 465.74pt x 350.30875pt>
File: sq2W.png Graphic file (type png)
 <use sq2W.png>
Package pdftex.def Info: sq2W.png used on input line 413.
(pdftex.def)             Requested size: 117.29782pt x 88.22374pt.

<041D.png, id=158, 465.74pt x 350.30875pt>
File: 041D.png Graphic file (type png)
 <use 041D.png>
Package pdftex.def Info: 041D.png used on input line 419.
(pdftex.def)             Requested size: 117.29782pt x 88.22374pt.

<041W.png, id=159, 465.74pt x 350.30875pt>
File: 041W.png Graphic file (type png)
 <use 041W.png>
Package pdftex.def Info: 041W.png used on input line 424.
(pdftex.def)             Requested size: 117.29782pt x 88.22374pt.

<sq2DG.png, id=160, 459.7175pt x 338.26375pt>
File: sq2DG.png Graphic file (type png)
 <use sq2DG.png>
Package pdftex.def Info: sq2DG.png used on input line 434.
(pdftex.def)             Requested size: 117.29782pt x 86.30515pt.

<sq2WG.png, id=161, 459.7175pt x 337.26pt>
File: sq2WG.png Graphic file (type png)
 <use sq2WG.png>
Package pdftex.def Info: sq2WG.png used on input line 439.
(pdftex.def)             Requested size: 117.29782pt x 86.04904pt.

<041DG.png, id=162, 459.7175pt x 338.26375pt>
File: 041DG.png Graphic file (type png)
 <use 041DG.png>
Package pdftex.def Info: 041DG.png used on input line 445.
(pdftex.def)             Requested size: 117.29782pt x 86.30515pt.

<041WG.png, id=163, 459.7175pt x 337.26pt>
File: 041WG.png Graphic file (type png)
 <use 041WG.png>
Package pdftex.def Info: 041WG.png used on input line 450.
(pdftex.def)             Requested size: 117.29782pt x 86.04904pt.

<DD.png, id=164, 535.7616pt x 347.3778pt>
File: DD.png Graphic file (type png)
 <use DD.png>
Package pdftex.def Info: DD.png used on input line 461.
(pdftex.def)             Requested size: 249.9028pt x 162.03256pt.

Overfull \hbox (3.9028pt too wide) in paragraph at lines 460--465
 [][] 
 []

<Dp.png, id=165, 542.9886pt x 350.2686pt>
File: Dp.png Graphic file (type png)
 <use Dp.png>
Package pdftex.def Info: Dp.png used on input line 467.
(pdftex.def)             Requested size: 249.9028pt x 161.20567pt.

Overfull \hbox (3.9028pt too wide) in paragraph at lines 466--471
 [][] 
 []

<DGD.png, id=166, 534.798pt x 346.4142pt>
File: DGD.png Graphic file (type png)
 <use DGD.png>
Package pdftex.def Info: DGD.png used on input line 477.
(pdftex.def)             Requested size: 249.9028pt x 161.87381pt.

Overfull \hbox (3.9028pt too wide) in paragraph at lines 476--481
 [][] 
 []

<DGp.png, id=167, 535.7616pt x 353.1594pt>
File: DGp.png Graphic file (type png)
 <use DGp.png>
Package pdftex.def Info: DGp.png used on input line 483.
(pdftex.def)             Requested size: 249.9028pt x 164.72934pt.

Overfull \hbox (3.9028pt too wide) in paragraph at lines 482--487
 [][] 
 []

[6 <./sq2D.png (PNG copy)> <./sq2W.png (PNG copy)> <./041D.png (PNG copy)> <./0
41W.png (PNG copy)> <./sq2DG.png (PNG copy)> <./sq2WG.png (PNG copy)> <./041DG.
png (PNG copy)> <./041WG.png (PNG copy)>]

LaTeX Warning: A float is stuck (cannot be placed); try class option [floatfix]
 on input line 500.

[7 <./DD.png> <./Dp.png> <./DGD.png> <./DGp.png>]
No file main.bbl.
[8]
Package atveryend Info: Empty hook `AfterLastShipout' on input line 506.
 (./main.aux)
Package atveryend Info: Executing hook `AtVeryEndDocument' on input line 506.
Package atveryend Info: Executing hook `AtEndAfterFileList' on input line 506.
Package rerunfilecheck Info: File `main.out' has not changed.
(rerunfilecheck)             Checksum: 79EC7298654DE8A17F27CBB901BD5AEC;908.


LaTeX Warning: There were multiply-defined labels.

 ) 
Here is how much of TeX's memory you used:
 9540 strings out of 493315
 137803 string characters out of 6137904
 344809 words of memory out of 5000000
 12811 multiletter control sequences out of 15000+600000
 15038 words of font info for 55 fonts, out of 8000000 for 9000
 957 hyphenation exceptions out of 8191
 36i,16n,38p,1006b,566s stack positions out of 5000i,500n,10000p,200000b,80000s
</usr/local/texlive/2013/texmf-dist/fonts/type1/public/amsfonts/cm/cmbx10.pfb
></usr/local/texlive/2013/texmf-dist/fonts/type1/public/amsfonts/cm/cmbx12.pfb>
</usr/local/texlive/2013/texmf-dist/fonts/type1/public/amsfonts/cm/cmbx9.pfb></
usr/local/texlive/2013/texmf-dist/fonts/type1/public/amsfonts/cm/cmex10.pfb></u
sr/local/texlive/2013/texmf-dist/fonts/type1/public/amsfonts/cmextra/cmex9.pfb>
</usr/local/texlive/2013/texmf-dist/fonts/type1/public/amsfonts/cm/cmmi10.pfb><
/usr/local/texlive/2013/texmf-dist/fonts/type1/public/amsfonts/cm/cmmi5.pfb></u
sr/local/texlive/2013/texmf-dist/fonts/type1/public/amsfonts/cm/cmmi6.pfb></usr
/local/texlive/2013/texmf-dist/fonts/type1/public/amsfonts/cm/cmmi7.pfb></usr/l
ocal/texlive/2013/texmf-dist/fonts/type1/public/amsfonts/cm/cmmi9.pfb></usr/loc
al/texlive/2013/texmf-dist/fonts/type1/public/amsfonts/cm/cmmib10.pfb></usr/loc
al/texlive/2013/texmf-dist/fonts/type1/public/amsfonts/cmextra/cmmib9.pfb></usr
/local/texlive/2013/texmf-dist/fonts/type1/public/amsfonts/cm/cmr10.pfb></usr/l
ocal/texlive/2013/texmf-dist/fonts/type1/public/amsfonts/cm/cmr5.pfb></usr/loca
l/texlive/2013/texmf-dist/fonts/type1/public/amsfonts/cm/cmr6.pfb></usr/local/t
exlive/2013/texmf-dist/fonts/type1/public/amsfonts/cm/cmr7.pfb></usr/local/texl
ive/2013/texmf-dist/fonts/type1/public/amsfonts/cm/cmr9.pfb></usr/local/texlive
/2013/texmf-dist/fonts/type1/public/amsfonts/cm/cmsy10.pfb></usr/local/texlive/
2013/texmf-dist/fonts/type1/public/amsfonts/cm/cmsy6.pfb></usr/local/texlive/20
13/texmf-dist/fonts/type1/public/amsfonts/cm/cmsy7.pfb></usr/local/texlive/2013
/texmf-dist/fonts/type1/public/amsfonts/cm/cmsy9.pfb></usr/local/texlive/2013/t
exmf-dist/fonts/type1/public/amsfonts/cm/cmti10.pfb></usr/local/texlive/2013/te
xmf-dist/fonts/type1/public/amsfonts/symbols/msbm10.pfb>
Output written on main.pdf (8 pages, 1443821 bytes).
PDF statistics:
 285 PDF objects out of 1000 (max. 8388607)
 221 compressed objects within 3 object streams
 55 named destinations out of 1000 (max. 500000)
 200 words of extra memory for PDF output out of 10000 (max. 10000000)

